2024-12-09 20:56:37,365 - INFO - Retrieving all Kibana objects in space: 'test_space_ola'...
2024-12-09 20:56:46,175 - INFO - 20 Kibana objects were found in this space: 'test_space_ola'
2024-12-09 20:56:46,175 - INFO - Exporting all Kibana objects in space: 'test_space_ola' to the 'kibana_objects.ndjson'. This would be used to restore all objects in case something goes wrong...
2024-12-09 20:56:46,459 - INFO - All 20 Kibana objects are successfully backed-up to the 'kibana_objects.ndjson' file
2024-12-09 20:56:46,693 - WARNING - Duplicated data views found:
2024-12-09 20:56:54,286 - INFO - Title: my-index*
2024-12-09 20:56:54,286 - INFO - ID: c2a88270-4fad-45e6-8dae-ef370f7ebd67  : 5
2024-12-09 20:56:54,286 - INFO - ID: 6582f549-6b29-4f69-9b9a-9cb7d4951d6e  : 1
2024-12-09 20:56:54,286 - INFO - updated_to_update
2024-12-09 20:56:54,286 - INFO - {'type': 'search', 'id': 'ff66a616-36bb-4992-b036-d06b15c8330c', 'namespaces': ['test_space_ola'], 'references': [{'name': 'kibanaSavedObjectMeta.searchSourceJSON.index', 'type': 'index-pattern', 'id': '6582f549-6b29-4f69-9b9a-9cb7d4951d6e'}], 'managed': False, 'migrationVersion': {'search': '10.4.0'}, 'updated_at': '2024-12-10T02:53:59.114Z', 'updated_by': 'u_L1yAPITrWPW-zqTinBdcm9IG1wKdaijMl9zIE5q8FtM_0', 'created_at': '2024-11-22T18:25:19.902Z', 'version': 'WzYxOTY3LDM0XQ==', 'coreMigrationVersion': '8.8.0', 'typeMigrationVersion': '10.4.0', 'score': 0}
2024-12-09 20:56:55,291 - INFO - Updated data view ID in <class 'object'> from 6582f549-6b29-4f69-9b9a-9cb7d4951d6e to c2a88270-4fad-45e6-8dae-ef370f7ebd67
2024-12-09 20:56:55,291 - INFO - Successfully updated data view ID for object type search with ID ff66a616-36bb-4992-b036-d06b15c8330c.
2024-12-09 20:56:55,291 - INFO - Old Data View ID: 6582f549-6b29-4f69-9b9a-9cb7d4951d6e
2024-12-09 20:56:55,291 - INFO - New Data View ID: c2a88270-4fad-45e6-8dae-ef370f7ebd67
2024-12-09 20:57:02,831 - INFO - Title: test_index*
2024-12-09 20:57:02,832 - INFO - ID: aa2986e1-4dc5-49b6-9831-7a268a78bb9f  : 6
2024-12-09 20:57:02,832 - INFO - ID: 25217eef-300d-4ce1-bc02-8bdbfcd137bd  : 1
2024-12-09 20:57:02,832 - INFO - updated_to_update
2024-12-09 20:57:02,832 - INFO - {'type': 'search', 'id': '6412fd64-0613-4fa7-8f61-94dfe63b1931', 'namespaces': ['test_space_ola'], 'references': [{'name': 'kibanaSavedObjectMeta.searchSourceJSON.index', 'type': 'index-pattern', 'id': '25217eef-300d-4ce1-bc02-8bdbfcd137bd'}], 'managed': False, 'migrationVersion': {'search': '10.4.0'}, 'updated_at': '2024-12-10T02:54:08.899Z', 'updated_by': 'u_L1yAPITrWPW-zqTinBdcm9IG1wKdaijMl9zIE5q8FtM_0', 'created_at': '2024-11-22T18:25:19.902Z', 'version': 'WzYxOTcwLDM0XQ==', 'coreMigrationVersion': '8.8.0', 'typeMigrationVersion': '10.4.0', 'score': 0}
2024-12-09 20:57:03,584 - INFO - Updated data view ID in <class 'object'> from 25217eef-300d-4ce1-bc02-8bdbfcd137bd to aa2986e1-4dc5-49b6-9831-7a268a78bb9f
2024-12-09 20:57:03,584 - INFO - Successfully updated data view ID for object type search with ID 6412fd64-0613-4fa7-8f61-94dfe63b1931.
2024-12-09 20:57:03,584 - INFO - Old Data View ID: 25217eef-300d-4ce1-bc02-8bdbfcd137bd
2024-12-09 20:57:03,585 - INFO - New Data View ID: aa2986e1-4dc5-49b6-9831-7a268a78bb9f
2024-12-09 20:57:03,585 - INFO - The following objects were updated:
2024-12-09 20:57:03,585 - INFO - {'type': 'search', 'id': 'ff66a616-36bb-4992-b036-d06b15c8330c', 'namespaces': ['test_space_ola'], 'references': [{'name': 'kibanaSavedObjectMeta.searchSourceJSON.index', 'type': 'index-pattern', 'id': '6582f549-6b29-4f69-9b9a-9cb7d4951d6e'}], 'managed': False, 'migrationVersion': {'search': '10.4.0'}, 'updated_at': '2024-12-10T02:53:59.114Z', 'updated_by': 'u_L1yAPITrWPW-zqTinBdcm9IG1wKdaijMl9zIE5q8FtM_0', 'created_at': '2024-11-22T18:25:19.902Z', 'version': 'WzYxOTY3LDM0XQ==', 'coreMigrationVersion': '8.8.0', 'typeMigrationVersion': '10.4.0', 'score': 0}
2024-12-09 20:57:03,585 - INFO - {'type': 'search', 'id': '6412fd64-0613-4fa7-8f61-94dfe63b1931', 'namespaces': ['test_space_ola'], 'references': [{'name': 'kibanaSavedObjectMeta.searchSourceJSON.index', 'type': 'index-pattern', 'id': '25217eef-300d-4ce1-bc02-8bdbfcd137bd'}], 'managed': False, 'migrationVersion': {'search': '10.4.0'}, 'updated_at': '2024-12-10T02:54:08.899Z', 'updated_by': 'u_L1yAPITrWPW-zqTinBdcm9IG1wKdaijMl9zIE5q8FtM_0', 'created_at': '2024-11-22T18:25:19.902Z', 'version': 'WzYxOTcwLDM0XQ==', 'coreMigrationVersion': '8.8.0', 'typeMigrationVersion': '10.4.0', 'score': 0}
2024-12-09 20:57:03,585 - INFO - 2 objects in total were UPDATED
2024-12-09 20:57:03,586 - INFO - REVIEW DUPLICATE DATA VIEWS BEFORE REMOVING DUPLICATES WITH ZERO REFERENCES
2024-12-09 20:57:11,440 - INFO - Title: my-index*
2024-12-09 20:57:11,440 - INFO - ID: c2a88270-4fad-45e6-8dae-ef370f7ebd67  : 6
2024-12-09 20:57:11,441 - INFO - ID: 6582f549-6b29-4f69-9b9a-9cb7d4951d6e  : 0
2024-12-09 20:57:19,922 - INFO - Title: test_index*
2024-12-09 20:57:19,922 - INFO - ID: aa2986e1-4dc5-49b6-9831-7a268a78bb9f  : 7
2024-12-09 20:57:19,922 - INFO - ID: 25217eef-300d-4ce1-bc02-8bdbfcd137bd  : 0
2024-12-09 20:57:19,922 - WARNING - ID of Data views to be deleted:
2024-12-09 20:57:19,922 - INFO - ['6582f549-6b29-4f69-9b9a-9cb7d4951d6e', '25217eef-300d-4ce1-bc02-8bdbfcd137bd']
2024-12-09 20:57:21,339 - INFO - Data view with ID 6582f549-6b29-4f69-9b9a-9cb7d4951d6e successfully DELETED.
2024-12-09 20:57:22,630 - INFO - Data view with ID 25217eef-300d-4ce1-bc02-8bdbfcd137bd successfully DELETED.
